<?xml version="1.0" encoding="UTF-8"?>
<!-- Generated by org.testng.reporters.JUnitXMLReporter -->
<testsuite ignored="0" hostname="DESKTOP-1FJC9IP" failures="0" tests="15" name="Default test" time="15.655" errors="0" timestamp="2022-08-18T16:24:56 IST">
  <testcase classname="JSONObject_API_Spotify_Music.JSONObject_API_Spotify_Music.JsonObject_Spotify" name="Get_Current_Users_Profile" time="7.628"/>
  <testcase classname="JSONObject_API_Spotify_Music.JSONObject_API_Spotify_Music.JsonObject_Spotify" name="Get_Users_Profile" time="0.538"/>
  <testcase classname="JSONObject_API_Spotify_Music.JSONObject_API_Spotify_Music.JsonObject_Spotify" name="Create_Playlist1" time="0.739"/>
  <testcase classname="JSONObject_API_Spotify_Music.JSONObject_API_Spotify_Music.JsonObject_Spotify" name="Add_Items_to_Playlist" time="0.778"/>
  <testcase classname="JSONObject_API_Spotify_Music.JSONObject_API_Spotify_Music.JsonObject_Spotify" name="GetPlaylist" time="0.607"/>
  <testcase classname="JSONObject_API_Spotify_Music.JSONObject_API_Spotify_Music.JsonObject_Spotify" name="RemovePlaylistItem" time="0.483"/>
  <testcase classname="JSONObject_API_Spotify_Music.JSONObject_API_Spotify_Music.JsonObject_Spotify" name="GetUserPlaylist" time="0.505"/>
  <testcase classname="JSONObject_API_Spotify_Music.JSONObject_API_Spotify_Music.JsonObject_Spotify" name="Get_Playlist" time="0.559"/>
  <testcase classname="JSONObject_API_Spotify_Music.JSONObject_API_Spotify_Music.JsonObject_Spotify" name="GetPlaylistItems" time="0.508"/>
  <testcase classname="JSONObject_API_Spotify_Music.JSONObject_API_Spotify_Music.JsonObject_Spotify" name="GetPlaylistCoverImage" time="0.467"/>
  <testcase classname="JSONObject_API_Spotify_Music.JSONObject_API_Spotify_Music.JsonObject_Spotify" name="UpdatePlaylistItems" time="0.524"/>
  <testcase classname="JSONObject_API_Spotify_Music.JSONObject_API_Spotify_Music.JsonObject_Spotify" name="ChangePlaylistDetails" time="0.606"/>
  <testcase classname="JSONObject_API_Spotify_Music.JSONObject_API_Spotify_Music.JsonObject_Spotify" name="GetCurrentUserPlaylists" time="0.444"/>
  <testcase classname="JSONObject_API_Spotify_Music.JSONObject_API_Spotify_Music.JsonObject_Spotify" name="AddCustomPlaylistCoverImage" time="0.428"/>
  <testcase classname="JSONObject_API_Spotify_Music.JSONObject_API_Spotify_Music.JsonObject_Spotify" name="SearchForItem" time="0.646"/>
</testsuite> <!-- Default test -->
