<?xml version="1.0" encoding="UTF-8"?>
<testng-results ignored="0" total="15" passed="15" failed="0" skipped="0">
  <reporter-output>
  </reporter-output>
  <suite started-at="2022-08-18T16:24:40 IST" name="Default suite" finished-at="2022-08-18T16:24:56 IST" duration-ms="15655">
    <groups>
    </groups>
    <test started-at="2022-08-18T16:24:40 IST" name="Default test" finished-at="2022-08-18T16:24:56 IST" duration-ms="15655">
      <class name="JSONObject_API_Spotify_Music.JSONObject_API_Spotify_Music.JsonObject_Spotify">
        <test-method is-config="true" signature="getToken()[pri:0, instance:JSONObject_API_Spotify_Music.JSONObject_API_Spotify_Music.JsonObject_Spotify@17046283]" started-at="2022-08-18T16:24:40 IST" name="getToken" finished-at="2022-08-18T16:24:40 IST" duration-ms="23" status="PASS">
          <reporter-output>
          </reporter-output>
        </test-method> <!-- getToken -->
        <test-method signature="Get_Current_Users_Profile()[pri:1, instance:JSONObject_API_Spotify_Music.JSONObject_API_Spotify_Music.JsonObject_Spotify@17046283]" started-at="2022-08-18T16:24:40 IST" name="Get_Current_Users_Profile" finished-at="2022-08-18T16:24:48 IST" duration-ms="7628" status="PASS">
          <reporter-output>
          </reporter-output>
        </test-method> <!-- Get_Current_Users_Profile -->
        <test-method signature="Get_Users_Profile()[pri:2, instance:JSONObject_API_Spotify_Music.JSONObject_API_Spotify_Music.JsonObject_Spotify@17046283]" started-at="2022-08-18T16:24:48 IST" name="Get_Users_Profile" finished-at="2022-08-18T16:24:48 IST" duration-ms="538" status="PASS">
          <reporter-output>
          </reporter-output>
        </test-method> <!-- Get_Users_Profile -->
        <test-method signature="Create_Playlist1()[pri:3, instance:JSONObject_API_Spotify_Music.JSONObject_API_Spotify_Music.JsonObject_Spotify@17046283]" started-at="2022-08-18T16:24:48 IST" name="Create_Playlist1" finished-at="2022-08-18T16:24:49 IST" duration-ms="739" status="PASS">
          <reporter-output>
          </reporter-output>
        </test-method> <!-- Create_Playlist1 -->
        <test-method signature="Add_Items_to_Playlist()[pri:4, instance:JSONObject_API_Spotify_Music.JSONObject_API_Spotify_Music.JsonObject_Spotify@17046283]" started-at="2022-08-18T16:24:49 IST" name="Add_Items_to_Playlist" finished-at="2022-08-18T16:24:50 IST" duration-ms="778" status="PASS">
          <reporter-output>
          </reporter-output>
        </test-method> <!-- Add_Items_to_Playlist -->
        <test-method signature="GetPlaylist()[pri:5, instance:JSONObject_API_Spotify_Music.JSONObject_API_Spotify_Music.JsonObject_Spotify@17046283]" started-at="2022-08-18T16:24:50 IST" name="GetPlaylist" finished-at="2022-08-18T16:24:51 IST" duration-ms="607" status="PASS">
          <reporter-output>
          </reporter-output>
        </test-method> <!-- GetPlaylist -->
        <test-method signature="RemovePlaylistItem()[pri:6, instance:JSONObject_API_Spotify_Music.JSONObject_API_Spotify_Music.JsonObject_Spotify@17046283]" started-at="2022-08-18T16:24:51 IST" name="RemovePlaylistItem" finished-at="2022-08-18T16:24:51 IST" duration-ms="483" status="PASS">
          <reporter-output>
          </reporter-output>
        </test-method> <!-- RemovePlaylistItem -->
        <test-method signature="GetUserPlaylist()[pri:7, instance:JSONObject_API_Spotify_Music.JSONObject_API_Spotify_Music.JsonObject_Spotify@17046283]" started-at="2022-08-18T16:24:51 IST" name="GetUserPlaylist" finished-at="2022-08-18T16:24:52 IST" duration-ms="505" status="PASS">
          <reporter-output>
          </reporter-output>
        </test-method> <!-- GetUserPlaylist -->
        <test-method signature="Get_Playlist()[pri:8, instance:JSONObject_API_Spotify_Music.JSONObject_API_Spotify_Music.JsonObject_Spotify@17046283]" started-at="2022-08-18T16:24:52 IST" name="Get_Playlist" finished-at="2022-08-18T16:24:52 IST" duration-ms="559" status="PASS">
          <reporter-output>
          </reporter-output>
        </test-method> <!-- Get_Playlist -->
        <test-method signature="GetPlaylistItems()[pri:9, instance:JSONObject_API_Spotify_Music.JSONObject_API_Spotify_Music.JsonObject_Spotify@17046283]" started-at="2022-08-18T16:24:52 IST" name="GetPlaylistItems" finished-at="2022-08-18T16:24:53 IST" duration-ms="508" status="PASS">
          <reporter-output>
          </reporter-output>
        </test-method> <!-- GetPlaylistItems -->
        <test-method signature="GetPlaylistCoverImage()[pri:10, instance:JSONObject_API_Spotify_Music.JSONObject_API_Spotify_Music.JsonObject_Spotify@17046283]" started-at="2022-08-18T16:24:53 IST" name="GetPlaylistCoverImage" finished-at="2022-08-18T16:24:53 IST" duration-ms="467" status="PASS">
          <reporter-output>
          </reporter-output>
        </test-method> <!-- GetPlaylistCoverImage -->
        <test-method signature="UpdatePlaylistItems()[pri:10, instance:JSONObject_API_Spotify_Music.JSONObject_API_Spotify_Music.JsonObject_Spotify@17046283]" started-at="2022-08-18T16:24:53 IST" name="UpdatePlaylistItems" finished-at="2022-08-18T16:24:54 IST" duration-ms="524" status="PASS">
          <reporter-output>
          </reporter-output>
        </test-method> <!-- UpdatePlaylistItems -->
        <test-method signature="ChangePlaylistDetails()[pri:11, instance:JSONObject_API_Spotify_Music.JSONObject_API_Spotify_Music.JsonObject_Spotify@17046283]" started-at="2022-08-18T16:24:54 IST" name="ChangePlaylistDetails" finished-at="2022-08-18T16:24:54 IST" duration-ms="606" status="PASS">
          <reporter-output>
          </reporter-output>
        </test-method> <!-- ChangePlaylistDetails -->
        <test-method signature="GetCurrentUserPlaylists()[pri:11, instance:JSONObject_API_Spotify_Music.JSONObject_API_Spotify_Music.JsonObject_Spotify@17046283]" started-at="2022-08-18T16:24:54 IST" name="GetCurrentUserPlaylists" finished-at="2022-08-18T16:24:55 IST" duration-ms="444" status="PASS">
          <reporter-output>
          </reporter-output>
        </test-method> <!-- GetCurrentUserPlaylists -->
        <test-method signature="AddCustomPlaylistCoverImage()[pri:12, instance:JSONObject_API_Spotify_Music.JSONObject_API_Spotify_Music.JsonObject_Spotify@17046283]" started-at="2022-08-18T16:24:55 IST" name="AddCustomPlaylistCoverImage" finished-at="2022-08-18T16:24:55 IST" duration-ms="428" status="PASS">
          <reporter-output>
          </reporter-output>
        </test-method> <!-- AddCustomPlaylistCoverImage -->
        <test-method signature="SearchForItem()[pri:12, instance:JSONObject_API_Spotify_Music.JSONObject_API_Spotify_Music.JsonObject_Spotify@17046283]" started-at="2022-08-18T16:24:55 IST" name="SearchForItem" finished-at="2022-08-18T16:24:56 IST" duration-ms="646" status="PASS">
          <reporter-output>
          </reporter-output>
        </test-method> <!-- SearchForItem -->
      </class> <!-- JSONObject_API_Spotify_Music.JSONObject_API_Spotify_Music.JsonObject_Spotify -->
    </test> <!-- Default test -->
  </suite> <!-- Default suite -->
</testng-results>
